ARM GAS  C:\Users\zacfi\AppData\Local\Temp\cclHoG5Q.s 			page 1


   1              		.cpu cortex-m4
   2              		.eabi_attribute 27, 1
   3              		.eabi_attribute 28, 1
   4              		.eabi_attribute 20, 1
   5              		.eabi_attribute 21, 1
   6              		.eabi_attribute 23, 3
   7              		.eabi_attribute 24, 1
   8              		.eabi_attribute 25, 1
   9              		.eabi_attribute 26, 1
  10              		.eabi_attribute 30, 1
  11              		.eabi_attribute 34, 1
  12              		.eabi_attribute 18, 4
  13              		.file	"i2c.c"
  14              		.text
  15              	.Ltext0:
  16              		.cfi_sections	.debug_frame
  17              		.section	.text.MX_I2C1_Init,"ax",%progbits
  18              		.align	1
  19              		.global	MX_I2C1_Init
  20              		.arch armv7e-m
  21              		.syntax unified
  22              		.thumb
  23              		.thumb_func
  24              		.fpu fpv4-sp-d16
  26              	MX_I2C1_Init:
  27              	.LFB130:
  28              		.file 1 "Core/Src/i2c.c"
   1:Core/Src/i2c.c **** /**
   2:Core/Src/i2c.c ****   ******************************************************************************
   3:Core/Src/i2c.c ****   * @file    i2c.c
   4:Core/Src/i2c.c ****   * @brief   This file provides code for the configuration
   5:Core/Src/i2c.c ****   *          of the I2C instances.
   6:Core/Src/i2c.c ****   ******************************************************************************
   7:Core/Src/i2c.c ****   * @attention
   8:Core/Src/i2c.c ****   *
   9:Core/Src/i2c.c ****   * <h2><center>&copy; Copyright (c) 2021 STMicroelectronics.
  10:Core/Src/i2c.c ****   * All rights reserved.</center></h2>
  11:Core/Src/i2c.c ****   *
  12:Core/Src/i2c.c ****   * This software component is licensed by ST under Ultimate Liberty license
  13:Core/Src/i2c.c ****   * SLA0044, the "License"; You may not use this file except in compliance with
  14:Core/Src/i2c.c ****   * the License. You may obtain a copy of the License at:
  15:Core/Src/i2c.c ****   *                             www.st.com/SLA0044
  16:Core/Src/i2c.c ****   *
  17:Core/Src/i2c.c ****   ******************************************************************************
  18:Core/Src/i2c.c ****   */
  19:Core/Src/i2c.c **** 
  20:Core/Src/i2c.c **** /* Includes ------------------------------------------------------------------*/
  21:Core/Src/i2c.c **** #include "i2c.h"
  22:Core/Src/i2c.c **** 
  23:Core/Src/i2c.c **** /* USER CODE BEGIN 0 */
  24:Core/Src/i2c.c **** 
  25:Core/Src/i2c.c **** /* USER CODE END 0 */
  26:Core/Src/i2c.c **** 
  27:Core/Src/i2c.c **** I2C_HandleTypeDef hi2c1;
  28:Core/Src/i2c.c **** 
  29:Core/Src/i2c.c **** /* I2C1 init function */
  30:Core/Src/i2c.c **** void MX_I2C1_Init(void)
ARM GAS  C:\Users\zacfi\AppData\Local\Temp\cclHoG5Q.s 			page 2


  31:Core/Src/i2c.c **** {
  29              		.loc 1 31 1 view -0
  30              		.cfi_startproc
  31              		@ args = 0, pretend = 0, frame = 0
  32              		@ frame_needed = 0, uses_anonymous_args = 0
  33 0000 08B5     		push	{r3, lr}
  34              	.LCFI0:
  35              		.cfi_def_cfa_offset 8
  36              		.cfi_offset 3, -8
  37              		.cfi_offset 14, -4
  32:Core/Src/i2c.c **** 
  33:Core/Src/i2c.c ****   /* USER CODE BEGIN I2C1_Init 0 */
  34:Core/Src/i2c.c **** 
  35:Core/Src/i2c.c ****   /* USER CODE END I2C1_Init 0 */
  36:Core/Src/i2c.c **** 
  37:Core/Src/i2c.c ****   /* USER CODE BEGIN I2C1_Init 1 */
  38:Core/Src/i2c.c **** 
  39:Core/Src/i2c.c ****   /* USER CODE END I2C1_Init 1 */
  40:Core/Src/i2c.c ****   hi2c1.Instance = I2C1;
  38              		.loc 1 40 3 view .LVU1
  39              		.loc 1 40 18 is_stmt 0 view .LVU2
  40 0002 0B48     		ldr	r0, .L5
  41 0004 0B4B     		ldr	r3, .L5+4
  42 0006 0360     		str	r3, [r0]
  41:Core/Src/i2c.c ****   hi2c1.Init.ClockSpeed = 400000;
  43              		.loc 1 41 3 is_stmt 1 view .LVU3
  44              		.loc 1 41 25 is_stmt 0 view .LVU4
  45 0008 0B4B     		ldr	r3, .L5+8
  46 000a 4360     		str	r3, [r0, #4]
  42:Core/Src/i2c.c ****   hi2c1.Init.DutyCycle = I2C_DUTYCYCLE_2;
  47              		.loc 1 42 3 is_stmt 1 view .LVU5
  48              		.loc 1 42 24 is_stmt 0 view .LVU6
  49 000c 0023     		movs	r3, #0
  50 000e 8360     		str	r3, [r0, #8]
  43:Core/Src/i2c.c ****   hi2c1.Init.OwnAddress1 = 0;
  51              		.loc 1 43 3 is_stmt 1 view .LVU7
  52              		.loc 1 43 26 is_stmt 0 view .LVU8
  53 0010 C360     		str	r3, [r0, #12]
  44:Core/Src/i2c.c ****   hi2c1.Init.AddressingMode = I2C_ADDRESSINGMODE_7BIT;
  54              		.loc 1 44 3 is_stmt 1 view .LVU9
  55              		.loc 1 44 29 is_stmt 0 view .LVU10
  56 0012 4FF48042 		mov	r2, #16384
  57 0016 0261     		str	r2, [r0, #16]
  45:Core/Src/i2c.c ****   hi2c1.Init.DualAddressMode = I2C_DUALADDRESS_DISABLE;
  58              		.loc 1 45 3 is_stmt 1 view .LVU11
  59              		.loc 1 45 30 is_stmt 0 view .LVU12
  60 0018 4361     		str	r3, [r0, #20]
  46:Core/Src/i2c.c ****   hi2c1.Init.OwnAddress2 = 0;
  61              		.loc 1 46 3 is_stmt 1 view .LVU13
  62              		.loc 1 46 26 is_stmt 0 view .LVU14
  63 001a 8361     		str	r3, [r0, #24]
  47:Core/Src/i2c.c ****   hi2c1.Init.GeneralCallMode = I2C_GENERALCALL_DISABLE;
  64              		.loc 1 47 3 is_stmt 1 view .LVU15
  65              		.loc 1 47 30 is_stmt 0 view .LVU16
  66 001c C361     		str	r3, [r0, #28]
  48:Core/Src/i2c.c ****   hi2c1.Init.NoStretchMode = I2C_NOSTRETCH_DISABLE;
  67              		.loc 1 48 3 is_stmt 1 view .LVU17
ARM GAS  C:\Users\zacfi\AppData\Local\Temp\cclHoG5Q.s 			page 3


  68              		.loc 1 48 28 is_stmt 0 view .LVU18
  69 001e 0362     		str	r3, [r0, #32]
  49:Core/Src/i2c.c ****   if (HAL_I2C_Init(&hi2c1) != HAL_OK)
  70              		.loc 1 49 3 is_stmt 1 view .LVU19
  71              		.loc 1 49 7 is_stmt 0 view .LVU20
  72 0020 FFF7FEFF 		bl	HAL_I2C_Init
  73              	.LVL0:
  74              		.loc 1 49 6 view .LVU21
  75 0024 00B9     		cbnz	r0, .L4
  76              	.L1:
  50:Core/Src/i2c.c ****   {
  51:Core/Src/i2c.c ****     Error_Handler();
  52:Core/Src/i2c.c ****   }
  53:Core/Src/i2c.c ****   /* USER CODE BEGIN I2C1_Init 2 */
  54:Core/Src/i2c.c **** 
  55:Core/Src/i2c.c ****   /* USER CODE END I2C1_Init 2 */
  56:Core/Src/i2c.c **** 
  57:Core/Src/i2c.c **** }
  77              		.loc 1 57 1 view .LVU22
  78 0026 08BD     		pop	{r3, pc}
  79              	.L4:
  51:Core/Src/i2c.c ****   }
  80              		.loc 1 51 5 is_stmt 1 view .LVU23
  81 0028 FFF7FEFF 		bl	Error_Handler
  82              	.LVL1:
  83              		.loc 1 57 1 is_stmt 0 view .LVU24
  84 002c FBE7     		b	.L1
  85              	.L6:
  86 002e 00BF     		.align	2
  87              	.L5:
  88 0030 00000000 		.word	.LANCHOR0
  89 0034 00540040 		.word	1073763328
  90 0038 801A0600 		.word	400000
  91              		.cfi_endproc
  92              	.LFE130:
  94              		.section	.text.HAL_I2C_MspInit,"ax",%progbits
  95              		.align	1
  96              		.global	HAL_I2C_MspInit
  97              		.syntax unified
  98              		.thumb
  99              		.thumb_func
 100              		.fpu fpv4-sp-d16
 102              	HAL_I2C_MspInit:
 103              	.LVL2:
 104              	.LFB131:
  58:Core/Src/i2c.c **** 
  59:Core/Src/i2c.c **** void HAL_I2C_MspInit(I2C_HandleTypeDef* i2cHandle)
  60:Core/Src/i2c.c **** {
 105              		.loc 1 60 1 is_stmt 1 view -0
 106              		.cfi_startproc
 107              		@ args = 0, pretend = 0, frame = 32
 108              		@ frame_needed = 0, uses_anonymous_args = 0
 109              		.loc 1 60 1 is_stmt 0 view .LVU26
 110 0000 30B5     		push	{r4, r5, lr}
 111              	.LCFI1:
 112              		.cfi_def_cfa_offset 12
 113              		.cfi_offset 4, -12
ARM GAS  C:\Users\zacfi\AppData\Local\Temp\cclHoG5Q.s 			page 4


 114              		.cfi_offset 5, -8
 115              		.cfi_offset 14, -4
 116 0002 89B0     		sub	sp, sp, #36
 117              	.LCFI2:
 118              		.cfi_def_cfa_offset 48
  61:Core/Src/i2c.c **** 
  62:Core/Src/i2c.c ****   GPIO_InitTypeDef GPIO_InitStruct = {0};
 119              		.loc 1 62 3 is_stmt 1 view .LVU27
 120              		.loc 1 62 20 is_stmt 0 view .LVU28
 121 0004 0023     		movs	r3, #0
 122 0006 0393     		str	r3, [sp, #12]
 123 0008 0493     		str	r3, [sp, #16]
 124 000a 0593     		str	r3, [sp, #20]
 125 000c 0693     		str	r3, [sp, #24]
 126 000e 0793     		str	r3, [sp, #28]
  63:Core/Src/i2c.c ****   if(i2cHandle->Instance==I2C1)
 127              		.loc 1 63 3 is_stmt 1 view .LVU29
 128              		.loc 1 63 15 is_stmt 0 view .LVU30
 129 0010 0268     		ldr	r2, [r0]
 130              		.loc 1 63 5 view .LVU31
 131 0012 154B     		ldr	r3, .L11
 132 0014 9A42     		cmp	r2, r3
 133 0016 01D0     		beq	.L10
 134              	.LVL3:
 135              	.L7:
  64:Core/Src/i2c.c ****   {
  65:Core/Src/i2c.c ****   /* USER CODE BEGIN I2C1_MspInit 0 */
  66:Core/Src/i2c.c **** 
  67:Core/Src/i2c.c ****   /* USER CODE END I2C1_MspInit 0 */
  68:Core/Src/i2c.c **** 
  69:Core/Src/i2c.c ****     __HAL_RCC_GPIOB_CLK_ENABLE();
  70:Core/Src/i2c.c ****     /**I2C1 GPIO Configuration
  71:Core/Src/i2c.c ****     PB6     ------> I2C1_SCL
  72:Core/Src/i2c.c ****     PB7     ------> I2C1_SDA
  73:Core/Src/i2c.c ****     */
  74:Core/Src/i2c.c ****     GPIO_InitStruct.Pin = GPIO_PIN_6|GPIO_PIN_7;
  75:Core/Src/i2c.c ****     GPIO_InitStruct.Mode = GPIO_MODE_AF_OD;
  76:Core/Src/i2c.c ****     GPIO_InitStruct.Pull = GPIO_PULLUP;
  77:Core/Src/i2c.c ****     GPIO_InitStruct.Speed = GPIO_SPEED_FREQ_VERY_HIGH;
  78:Core/Src/i2c.c ****     GPIO_InitStruct.Alternate = GPIO_AF4_I2C1;
  79:Core/Src/i2c.c ****     HAL_GPIO_Init(GPIOB, &GPIO_InitStruct);
  80:Core/Src/i2c.c **** 
  81:Core/Src/i2c.c ****     /* I2C1 clock enable */
  82:Core/Src/i2c.c ****     __HAL_RCC_I2C1_CLK_ENABLE();
  83:Core/Src/i2c.c ****   /* USER CODE BEGIN I2C1_MspInit 1 */
  84:Core/Src/i2c.c **** 
  85:Core/Src/i2c.c ****   /* USER CODE END I2C1_MspInit 1 */
  86:Core/Src/i2c.c ****   }
  87:Core/Src/i2c.c **** }
 136              		.loc 1 87 1 view .LVU32
 137 0018 09B0     		add	sp, sp, #36
 138              	.LCFI3:
 139              		.cfi_remember_state
 140              		.cfi_def_cfa_offset 12
 141              		@ sp needed
 142 001a 30BD     		pop	{r4, r5, pc}
 143              	.LVL4:
ARM GAS  C:\Users\zacfi\AppData\Local\Temp\cclHoG5Q.s 			page 5


 144              	.L10:
 145              	.LCFI4:
 146              		.cfi_restore_state
  69:Core/Src/i2c.c ****     /**I2C1 GPIO Configuration
 147              		.loc 1 69 5 is_stmt 1 view .LVU33
 148              	.LBB2:
  69:Core/Src/i2c.c ****     /**I2C1 GPIO Configuration
 149              		.loc 1 69 5 view .LVU34
 150 001c 0025     		movs	r5, #0
 151 001e 0195     		str	r5, [sp, #4]
  69:Core/Src/i2c.c ****     /**I2C1 GPIO Configuration
 152              		.loc 1 69 5 view .LVU35
 153 0020 124C     		ldr	r4, .L11+4
 154 0022 236B     		ldr	r3, [r4, #48]
 155 0024 43F00203 		orr	r3, r3, #2
 156 0028 2363     		str	r3, [r4, #48]
  69:Core/Src/i2c.c ****     /**I2C1 GPIO Configuration
 157              		.loc 1 69 5 view .LVU36
 158 002a 236B     		ldr	r3, [r4, #48]
 159 002c 03F00203 		and	r3, r3, #2
 160 0030 0193     		str	r3, [sp, #4]
  69:Core/Src/i2c.c ****     /**I2C1 GPIO Configuration
 161              		.loc 1 69 5 view .LVU37
 162 0032 019B     		ldr	r3, [sp, #4]
 163              	.LBE2:
  69:Core/Src/i2c.c ****     /**I2C1 GPIO Configuration
 164              		.loc 1 69 5 view .LVU38
  74:Core/Src/i2c.c ****     GPIO_InitStruct.Mode = GPIO_MODE_AF_OD;
 165              		.loc 1 74 5 view .LVU39
  74:Core/Src/i2c.c ****     GPIO_InitStruct.Mode = GPIO_MODE_AF_OD;
 166              		.loc 1 74 25 is_stmt 0 view .LVU40
 167 0034 C023     		movs	r3, #192
 168 0036 0393     		str	r3, [sp, #12]
  75:Core/Src/i2c.c ****     GPIO_InitStruct.Pull = GPIO_PULLUP;
 169              		.loc 1 75 5 is_stmt 1 view .LVU41
  75:Core/Src/i2c.c ****     GPIO_InitStruct.Pull = GPIO_PULLUP;
 170              		.loc 1 75 26 is_stmt 0 view .LVU42
 171 0038 1223     		movs	r3, #18
 172 003a 0493     		str	r3, [sp, #16]
  76:Core/Src/i2c.c ****     GPIO_InitStruct.Speed = GPIO_SPEED_FREQ_VERY_HIGH;
 173              		.loc 1 76 5 is_stmt 1 view .LVU43
  76:Core/Src/i2c.c ****     GPIO_InitStruct.Speed = GPIO_SPEED_FREQ_VERY_HIGH;
 174              		.loc 1 76 26 is_stmt 0 view .LVU44
 175 003c 0123     		movs	r3, #1
 176 003e 0593     		str	r3, [sp, #20]
  77:Core/Src/i2c.c ****     GPIO_InitStruct.Alternate = GPIO_AF4_I2C1;
 177              		.loc 1 77 5 is_stmt 1 view .LVU45
  77:Core/Src/i2c.c ****     GPIO_InitStruct.Alternate = GPIO_AF4_I2C1;
 178              		.loc 1 77 27 is_stmt 0 view .LVU46
 179 0040 0323     		movs	r3, #3
 180 0042 0693     		str	r3, [sp, #24]
  78:Core/Src/i2c.c ****     HAL_GPIO_Init(GPIOB, &GPIO_InitStruct);
 181              		.loc 1 78 5 is_stmt 1 view .LVU47
  78:Core/Src/i2c.c ****     HAL_GPIO_Init(GPIOB, &GPIO_InitStruct);
 182              		.loc 1 78 31 is_stmt 0 view .LVU48
 183 0044 0423     		movs	r3, #4
 184 0046 0793     		str	r3, [sp, #28]
ARM GAS  C:\Users\zacfi\AppData\Local\Temp\cclHoG5Q.s 			page 6


  79:Core/Src/i2c.c **** 
 185              		.loc 1 79 5 is_stmt 1 view .LVU49
 186 0048 03A9     		add	r1, sp, #12
 187 004a 0948     		ldr	r0, .L11+8
 188              	.LVL5:
  79:Core/Src/i2c.c **** 
 189              		.loc 1 79 5 is_stmt 0 view .LVU50
 190 004c FFF7FEFF 		bl	HAL_GPIO_Init
 191              	.LVL6:
  82:Core/Src/i2c.c ****   /* USER CODE BEGIN I2C1_MspInit 1 */
 192              		.loc 1 82 5 is_stmt 1 view .LVU51
 193              	.LBB3:
  82:Core/Src/i2c.c ****   /* USER CODE BEGIN I2C1_MspInit 1 */
 194              		.loc 1 82 5 view .LVU52
 195 0050 0295     		str	r5, [sp, #8]
  82:Core/Src/i2c.c ****   /* USER CODE BEGIN I2C1_MspInit 1 */
 196              		.loc 1 82 5 view .LVU53
 197 0052 236C     		ldr	r3, [r4, #64]
 198 0054 43F40013 		orr	r3, r3, #2097152
 199 0058 2364     		str	r3, [r4, #64]
  82:Core/Src/i2c.c ****   /* USER CODE BEGIN I2C1_MspInit 1 */
 200              		.loc 1 82 5 view .LVU54
 201 005a 236C     		ldr	r3, [r4, #64]
 202 005c 03F40013 		and	r3, r3, #2097152
 203 0060 0293     		str	r3, [sp, #8]
  82:Core/Src/i2c.c ****   /* USER CODE BEGIN I2C1_MspInit 1 */
 204              		.loc 1 82 5 view .LVU55
 205 0062 029B     		ldr	r3, [sp, #8]
 206              	.LBE3:
  82:Core/Src/i2c.c ****   /* USER CODE BEGIN I2C1_MspInit 1 */
 207              		.loc 1 82 5 view .LVU56
 208              		.loc 1 87 1 is_stmt 0 view .LVU57
 209 0064 D8E7     		b	.L7
 210              	.L12:
 211 0066 00BF     		.align	2
 212              	.L11:
 213 0068 00540040 		.word	1073763328
 214 006c 00380240 		.word	1073887232
 215 0070 00040240 		.word	1073873920
 216              		.cfi_endproc
 217              	.LFE131:
 219              		.section	.text.HAL_I2C_MspDeInit,"ax",%progbits
 220              		.align	1
 221              		.global	HAL_I2C_MspDeInit
 222              		.syntax unified
 223              		.thumb
 224              		.thumb_func
 225              		.fpu fpv4-sp-d16
 227              	HAL_I2C_MspDeInit:
 228              	.LVL7:
 229              	.LFB132:
  88:Core/Src/i2c.c **** 
  89:Core/Src/i2c.c **** void HAL_I2C_MspDeInit(I2C_HandleTypeDef* i2cHandle)
  90:Core/Src/i2c.c **** {
 230              		.loc 1 90 1 is_stmt 1 view -0
 231              		.cfi_startproc
 232              		@ args = 0, pretend = 0, frame = 0
ARM GAS  C:\Users\zacfi\AppData\Local\Temp\cclHoG5Q.s 			page 7


 233              		@ frame_needed = 0, uses_anonymous_args = 0
  91:Core/Src/i2c.c **** 
  92:Core/Src/i2c.c ****   if(i2cHandle->Instance==I2C1)
 234              		.loc 1 92 3 view .LVU59
 235              		.loc 1 92 15 is_stmt 0 view .LVU60
 236 0000 0268     		ldr	r2, [r0]
 237              		.loc 1 92 5 view .LVU61
 238 0002 0A4B     		ldr	r3, .L20
 239 0004 9A42     		cmp	r2, r3
 240 0006 00D0     		beq	.L19
 241 0008 7047     		bx	lr
 242              	.L19:
  90:Core/Src/i2c.c **** 
 243              		.loc 1 90 1 view .LVU62
 244 000a 10B5     		push	{r4, lr}
 245              	.LCFI5:
 246              		.cfi_def_cfa_offset 8
 247              		.cfi_offset 4, -8
 248              		.cfi_offset 14, -4
  93:Core/Src/i2c.c ****   {
  94:Core/Src/i2c.c ****   /* USER CODE BEGIN I2C1_MspDeInit 0 */
  95:Core/Src/i2c.c **** 
  96:Core/Src/i2c.c ****   /* USER CODE END I2C1_MspDeInit 0 */
  97:Core/Src/i2c.c ****     /* Peripheral clock disable */
  98:Core/Src/i2c.c ****     __HAL_RCC_I2C1_CLK_DISABLE();
 249              		.loc 1 98 5 is_stmt 1 view .LVU63
 250 000c 084A     		ldr	r2, .L20+4
 251 000e 136C     		ldr	r3, [r2, #64]
 252 0010 23F40013 		bic	r3, r3, #2097152
 253 0014 1364     		str	r3, [r2, #64]
  99:Core/Src/i2c.c **** 
 100:Core/Src/i2c.c ****     /**I2C1 GPIO Configuration
 101:Core/Src/i2c.c ****     PB6     ------> I2C1_SCL
 102:Core/Src/i2c.c ****     PB7     ------> I2C1_SDA
 103:Core/Src/i2c.c ****     */
 104:Core/Src/i2c.c ****     HAL_GPIO_DeInit(GPIOB, GPIO_PIN_6);
 254              		.loc 1 104 5 view .LVU64
 255 0016 074C     		ldr	r4, .L20+8
 256 0018 4021     		movs	r1, #64
 257 001a 2046     		mov	r0, r4
 258              	.LVL8:
 259              		.loc 1 104 5 is_stmt 0 view .LVU65
 260 001c FFF7FEFF 		bl	HAL_GPIO_DeInit
 261              	.LVL9:
 105:Core/Src/i2c.c **** 
 106:Core/Src/i2c.c ****     HAL_GPIO_DeInit(GPIOB, GPIO_PIN_7);
 262              		.loc 1 106 5 is_stmt 1 view .LVU66
 263 0020 8021     		movs	r1, #128
 264 0022 2046     		mov	r0, r4
 265 0024 FFF7FEFF 		bl	HAL_GPIO_DeInit
 266              	.LVL10:
 107:Core/Src/i2c.c **** 
 108:Core/Src/i2c.c ****   /* USER CODE BEGIN I2C1_MspDeInit 1 */
 109:Core/Src/i2c.c **** 
 110:Core/Src/i2c.c ****   /* USER CODE END I2C1_MspDeInit 1 */
 111:Core/Src/i2c.c ****   }
 112:Core/Src/i2c.c **** }
ARM GAS  C:\Users\zacfi\AppData\Local\Temp\cclHoG5Q.s 			page 8


 267              		.loc 1 112 1 is_stmt 0 view .LVU67
 268 0028 10BD     		pop	{r4, pc}
 269              	.L21:
 270 002a 00BF     		.align	2
 271              	.L20:
 272 002c 00540040 		.word	1073763328
 273 0030 00380240 		.word	1073887232
 274 0034 00040240 		.word	1073873920
 275              		.cfi_endproc
 276              	.LFE132:
 278              		.global	hi2c1
 279              		.section	.bss.hi2c1,"aw",%nobits
 280              		.align	2
 281              		.set	.LANCHOR0,. + 0
 284              	hi2c1:
 285 0000 00000000 		.space	84
 285      00000000 
 285      00000000 
 285      00000000 
 285      00000000 
 286              		.text
 287              	.Letext0:
 288              		.file 2 "c:\\gnu\\gnu_arm_embedded_toolchain\\10-2020-q4-major\\arm-none-eabi\\include\\machine\\_
 289              		.file 3 "c:\\gnu\\gnu_arm_embedded_toolchain\\10-2020-q4-major\\arm-none-eabi\\include\\sys\\_stdi
 290              		.file 4 "Drivers/CMSIS/Device/ST/STM32F4xx/Include/stm32f446xx.h"
 291              		.file 5 "Drivers/STM32F4xx_HAL_Driver/Inc/stm32f4xx_hal_def.h"
 292              		.file 6 "Drivers/STM32F4xx_HAL_Driver/Inc/stm32f4xx_hal_gpio.h"
 293              		.file 7 "Drivers/STM32F4xx_HAL_Driver/Inc/stm32f4xx_hal_dma.h"
 294              		.file 8 "Drivers/STM32F4xx_HAL_Driver/Inc/stm32f4xx_hal_i2c.h"
 295              		.file 9 "Core/Inc/main.h"
 296              		.file 10 "Core/Inc/i2c.h"
ARM GAS  C:\Users\zacfi\AppData\Local\Temp\cclHoG5Q.s 			page 9


DEFINED SYMBOLS
                            *ABS*:00000000 i2c.c
C:\Users\zacfi\AppData\Local\Temp\cclHoG5Q.s:18     .text.MX_I2C1_Init:00000000 $t
C:\Users\zacfi\AppData\Local\Temp\cclHoG5Q.s:26     .text.MX_I2C1_Init:00000000 MX_I2C1_Init
C:\Users\zacfi\AppData\Local\Temp\cclHoG5Q.s:88     .text.MX_I2C1_Init:00000030 $d
C:\Users\zacfi\AppData\Local\Temp\cclHoG5Q.s:95     .text.HAL_I2C_MspInit:00000000 $t
C:\Users\zacfi\AppData\Local\Temp\cclHoG5Q.s:102    .text.HAL_I2C_MspInit:00000000 HAL_I2C_MspInit
C:\Users\zacfi\AppData\Local\Temp\cclHoG5Q.s:213    .text.HAL_I2C_MspInit:00000068 $d
C:\Users\zacfi\AppData\Local\Temp\cclHoG5Q.s:220    .text.HAL_I2C_MspDeInit:00000000 $t
C:\Users\zacfi\AppData\Local\Temp\cclHoG5Q.s:227    .text.HAL_I2C_MspDeInit:00000000 HAL_I2C_MspDeInit
C:\Users\zacfi\AppData\Local\Temp\cclHoG5Q.s:272    .text.HAL_I2C_MspDeInit:0000002c $d
C:\Users\zacfi\AppData\Local\Temp\cclHoG5Q.s:284    .bss.hi2c1:00000000 hi2c1
C:\Users\zacfi\AppData\Local\Temp\cclHoG5Q.s:280    .bss.hi2c1:00000000 $d

UNDEFINED SYMBOLS
HAL_I2C_Init
Error_Handler
HAL_GPIO_Init
HAL_GPIO_DeInit
