ARM GAS  C:\Users\zacfi\AppData\Local\Temp\cc06g7lT.s 			page 1


   1              		.cpu cortex-m4
   2              		.eabi_attribute 27, 1
   3              		.eabi_attribute 28, 1
   4              		.eabi_attribute 20, 1
   5              		.eabi_attribute 21, 1
   6              		.eabi_attribute 23, 3
   7              		.eabi_attribute 24, 1
   8              		.eabi_attribute 25, 1
   9              		.eabi_attribute 26, 1
  10              		.eabi_attribute 30, 1
  11              		.eabi_attribute 34, 1
  12              		.eabi_attribute 18, 4
  13              		.file	"gpio.c"
  14              		.text
  15              	.Ltext0:
  16              		.cfi_sections	.debug_frame
  17              		.section	.text.MX_GPIO_Init,"ax",%progbits
  18              		.align	1
  19              		.global	MX_GPIO_Init
  20              		.arch armv7e-m
  21              		.syntax unified
  22              		.thumb
  23              		.thumb_func
  24              		.fpu fpv4-sp-d16
  26              	MX_GPIO_Init:
  27              	.LFB130:
  28              		.file 1 "Core/Src/gpio.c"
   1:Core/Src/gpio.c **** /**
   2:Core/Src/gpio.c ****   ******************************************************************************
   3:Core/Src/gpio.c ****   * @file    gpio.c
   4:Core/Src/gpio.c ****   * @brief   This file provides code for the configuration
   5:Core/Src/gpio.c ****   *          of all used GPIO pins.
   6:Core/Src/gpio.c ****   ******************************************************************************
   7:Core/Src/gpio.c ****   * @attention
   8:Core/Src/gpio.c ****   *
   9:Core/Src/gpio.c ****   * <h2><center>&copy; Copyright (c) 2021 STMicroelectronics.
  10:Core/Src/gpio.c ****   * All rights reserved.</center></h2>
  11:Core/Src/gpio.c ****   *
  12:Core/Src/gpio.c ****   * This software component is licensed by ST under BSD 3-Clause license,
  13:Core/Src/gpio.c ****   * the "License"; You may not use this file except in compliance with the
  14:Core/Src/gpio.c ****   * License. You may obtain a copy of the License at:
  15:Core/Src/gpio.c ****   *                        opensource.org/licenses/BSD-3-Clause
  16:Core/Src/gpio.c ****   *
  17:Core/Src/gpio.c ****   ******************************************************************************
  18:Core/Src/gpio.c ****   */
  19:Core/Src/gpio.c **** 
  20:Core/Src/gpio.c **** /* Includes ------------------------------------------------------------------*/
  21:Core/Src/gpio.c **** #include "gpio.h"
  22:Core/Src/gpio.c **** 
  23:Core/Src/gpio.c **** /* USER CODE BEGIN 0 */
  24:Core/Src/gpio.c **** 
  25:Core/Src/gpio.c **** /* USER CODE END 0 */
  26:Core/Src/gpio.c **** 
  27:Core/Src/gpio.c **** /*----------------------------------------------------------------------------*/
  28:Core/Src/gpio.c **** /* Configure GPIO                                                             */
  29:Core/Src/gpio.c **** /*----------------------------------------------------------------------------*/
  30:Core/Src/gpio.c **** /* USER CODE BEGIN 1 */
ARM GAS  C:\Users\zacfi\AppData\Local\Temp\cc06g7lT.s 			page 2


  31:Core/Src/gpio.c **** 
  32:Core/Src/gpio.c **** /* USER CODE END 1 */
  33:Core/Src/gpio.c **** 
  34:Core/Src/gpio.c **** /** Configure pins as
  35:Core/Src/gpio.c ****         * Analog
  36:Core/Src/gpio.c ****         * Input
  37:Core/Src/gpio.c ****         * Output
  38:Core/Src/gpio.c ****         * EVENT_OUT
  39:Core/Src/gpio.c ****         * EXTI
  40:Core/Src/gpio.c ****         * Free pins are configured automatically as Analog (this feature is enabled through
  41:Core/Src/gpio.c ****         * the Code Generation settings)
  42:Core/Src/gpio.c **** */
  43:Core/Src/gpio.c **** void MX_GPIO_Init(void)
  44:Core/Src/gpio.c **** {
  29              		.loc 1 44 1 view -0
  30              		.cfi_startproc
  31              		@ args = 0, pretend = 0, frame = 40
  32              		@ frame_needed = 0, uses_anonymous_args = 0
  33 0000 F0B5     		push	{r4, r5, r6, r7, lr}
  34              	.LCFI0:
  35              		.cfi_def_cfa_offset 20
  36              		.cfi_offset 4, -20
  37              		.cfi_offset 5, -16
  38              		.cfi_offset 6, -12
  39              		.cfi_offset 7, -8
  40              		.cfi_offset 14, -4
  41 0002 8BB0     		sub	sp, sp, #44
  42              	.LCFI1:
  43              		.cfi_def_cfa_offset 64
  45:Core/Src/gpio.c **** 
  46:Core/Src/gpio.c ****   GPIO_InitTypeDef GPIO_InitStruct = {0};
  44              		.loc 1 46 3 view .LVU1
  45              		.loc 1 46 20 is_stmt 0 view .LVU2
  46 0004 0024     		movs	r4, #0
  47 0006 0594     		str	r4, [sp, #20]
  48 0008 0694     		str	r4, [sp, #24]
  49 000a 0794     		str	r4, [sp, #28]
  50 000c 0894     		str	r4, [sp, #32]
  51 000e 0994     		str	r4, [sp, #36]
  47:Core/Src/gpio.c **** 
  48:Core/Src/gpio.c ****   /* GPIO Ports Clock Enable */
  49:Core/Src/gpio.c ****   __HAL_RCC_GPIOC_CLK_ENABLE();
  52              		.loc 1 49 3 is_stmt 1 view .LVU3
  53              	.LBB2:
  54              		.loc 1 49 3 view .LVU4
  55 0010 0094     		str	r4, [sp]
  56              		.loc 1 49 3 view .LVU5
  57 0012 394B     		ldr	r3, .L3
  58 0014 1A6B     		ldr	r2, [r3, #48]
  59 0016 42F00402 		orr	r2, r2, #4
  60 001a 1A63     		str	r2, [r3, #48]
  61              		.loc 1 49 3 view .LVU6
  62 001c 1A6B     		ldr	r2, [r3, #48]
  63 001e 02F00402 		and	r2, r2, #4
  64 0022 0092     		str	r2, [sp]
  65              		.loc 1 49 3 view .LVU7
  66 0024 009A     		ldr	r2, [sp]
ARM GAS  C:\Users\zacfi\AppData\Local\Temp\cc06g7lT.s 			page 3


  67              	.LBE2:
  68              		.loc 1 49 3 view .LVU8
  50:Core/Src/gpio.c ****   __HAL_RCC_GPIOH_CLK_ENABLE();
  69              		.loc 1 50 3 view .LVU9
  70              	.LBB3:
  71              		.loc 1 50 3 view .LVU10
  72 0026 0194     		str	r4, [sp, #4]
  73              		.loc 1 50 3 view .LVU11
  74 0028 1A6B     		ldr	r2, [r3, #48]
  75 002a 42F08002 		orr	r2, r2, #128
  76 002e 1A63     		str	r2, [r3, #48]
  77              		.loc 1 50 3 view .LVU12
  78 0030 1A6B     		ldr	r2, [r3, #48]
  79 0032 02F08002 		and	r2, r2, #128
  80 0036 0192     		str	r2, [sp, #4]
  81              		.loc 1 50 3 view .LVU13
  82 0038 019A     		ldr	r2, [sp, #4]
  83              	.LBE3:
  84              		.loc 1 50 3 view .LVU14
  51:Core/Src/gpio.c ****   __HAL_RCC_GPIOA_CLK_ENABLE();
  85              		.loc 1 51 3 view .LVU15
  86              	.LBB4:
  87              		.loc 1 51 3 view .LVU16
  88 003a 0294     		str	r4, [sp, #8]
  89              		.loc 1 51 3 view .LVU17
  90 003c 1A6B     		ldr	r2, [r3, #48]
  91 003e 42F00102 		orr	r2, r2, #1
  92 0042 1A63     		str	r2, [r3, #48]
  93              		.loc 1 51 3 view .LVU18
  94 0044 1A6B     		ldr	r2, [r3, #48]
  95 0046 02F00102 		and	r2, r2, #1
  96 004a 0292     		str	r2, [sp, #8]
  97              		.loc 1 51 3 view .LVU19
  98 004c 029A     		ldr	r2, [sp, #8]
  99              	.LBE4:
 100              		.loc 1 51 3 view .LVU20
  52:Core/Src/gpio.c ****   __HAL_RCC_GPIOB_CLK_ENABLE();
 101              		.loc 1 52 3 view .LVU21
 102              	.LBB5:
 103              		.loc 1 52 3 view .LVU22
 104 004e 0394     		str	r4, [sp, #12]
 105              		.loc 1 52 3 view .LVU23
 106 0050 1A6B     		ldr	r2, [r3, #48]
 107 0052 42F00202 		orr	r2, r2, #2
 108 0056 1A63     		str	r2, [r3, #48]
 109              		.loc 1 52 3 view .LVU24
 110 0058 1A6B     		ldr	r2, [r3, #48]
 111 005a 02F00202 		and	r2, r2, #2
 112 005e 0392     		str	r2, [sp, #12]
 113              		.loc 1 52 3 view .LVU25
 114 0060 039A     		ldr	r2, [sp, #12]
 115              	.LBE5:
 116              		.loc 1 52 3 view .LVU26
  53:Core/Src/gpio.c ****   __HAL_RCC_GPIOD_CLK_ENABLE();
 117              		.loc 1 53 3 view .LVU27
 118              	.LBB6:
 119              		.loc 1 53 3 view .LVU28
ARM GAS  C:\Users\zacfi\AppData\Local\Temp\cc06g7lT.s 			page 4


 120 0062 0494     		str	r4, [sp, #16]
 121              		.loc 1 53 3 view .LVU29
 122 0064 1A6B     		ldr	r2, [r3, #48]
 123 0066 42F00802 		orr	r2, r2, #8
 124 006a 1A63     		str	r2, [r3, #48]
 125              		.loc 1 53 3 view .LVU30
 126 006c 1B6B     		ldr	r3, [r3, #48]
 127 006e 03F00803 		and	r3, r3, #8
 128 0072 0493     		str	r3, [sp, #16]
 129              		.loc 1 53 3 view .LVU31
 130 0074 049B     		ldr	r3, [sp, #16]
 131              	.LBE6:
 132              		.loc 1 53 3 view .LVU32
  54:Core/Src/gpio.c **** 
  55:Core/Src/gpio.c ****   /*Configure GPIO pin Output Level */
  56:Core/Src/gpio.c ****   HAL_GPIO_WritePin(LD2_GPIO_Port, LD2_Pin, GPIO_PIN_RESET);
 133              		.loc 1 56 3 view .LVU33
 134 0076 214E     		ldr	r6, .L3+4
 135 0078 2246     		mov	r2, r4
 136 007a 2021     		movs	r1, #32
 137 007c 3046     		mov	r0, r6
 138 007e FFF7FEFF 		bl	HAL_GPIO_WritePin
 139              	.LVL0:
  57:Core/Src/gpio.c **** 
  58:Core/Src/gpio.c ****   /*Configure GPIO pin : PtPin */
  59:Core/Src/gpio.c ****   GPIO_InitStruct.Pin = B1_Pin;
 140              		.loc 1 59 3 view .LVU34
 141              		.loc 1 59 23 is_stmt 0 view .LVU35
 142 0082 4FF40053 		mov	r3, #8192
 143 0086 0593     		str	r3, [sp, #20]
  60:Core/Src/gpio.c ****   GPIO_InitStruct.Mode = GPIO_MODE_IT_FALLING;
 144              		.loc 1 60 3 is_stmt 1 view .LVU36
 145              		.loc 1 60 24 is_stmt 0 view .LVU37
 146 0088 1D4B     		ldr	r3, .L3+8
 147 008a 0693     		str	r3, [sp, #24]
  61:Core/Src/gpio.c ****   GPIO_InitStruct.Pull = GPIO_NOPULL;
 148              		.loc 1 61 3 is_stmt 1 view .LVU38
 149              		.loc 1 61 24 is_stmt 0 view .LVU39
 150 008c 0794     		str	r4, [sp, #28]
  62:Core/Src/gpio.c ****   HAL_GPIO_Init(B1_GPIO_Port, &GPIO_InitStruct);
 151              		.loc 1 62 3 is_stmt 1 view .LVU40
 152 008e 1D4F     		ldr	r7, .L3+12
 153 0090 05A9     		add	r1, sp, #20
 154 0092 3846     		mov	r0, r7
 155 0094 FFF7FEFF 		bl	HAL_GPIO_Init
 156              	.LVL1:
  63:Core/Src/gpio.c **** 
  64:Core/Src/gpio.c ****   /*Configure GPIO pins : PC0 PC1 PC2 PC3
  65:Core/Src/gpio.c ****                            PC4 PC5 PC6 PC7
  66:Core/Src/gpio.c ****                            PC8 PC9 PC10 PC11
  67:Core/Src/gpio.c ****                            PC12 */
  68:Core/Src/gpio.c ****   GPIO_InitStruct.Pin = GPIO_PIN_0|GPIO_PIN_1|GPIO_PIN_2|GPIO_PIN_3
 157              		.loc 1 68 3 view .LVU41
 158              		.loc 1 68 23 is_stmt 0 view .LVU42
 159 0098 41F6FF73 		movw	r3, #8191
 160 009c 0593     		str	r3, [sp, #20]
  69:Core/Src/gpio.c ****                           |GPIO_PIN_4|GPIO_PIN_5|GPIO_PIN_6|GPIO_PIN_7
ARM GAS  C:\Users\zacfi\AppData\Local\Temp\cc06g7lT.s 			page 5


  70:Core/Src/gpio.c ****                           |GPIO_PIN_8|GPIO_PIN_9|GPIO_PIN_10|GPIO_PIN_11
  71:Core/Src/gpio.c ****                           |GPIO_PIN_12;
  72:Core/Src/gpio.c ****   GPIO_InitStruct.Mode = GPIO_MODE_ANALOG;
 161              		.loc 1 72 3 is_stmt 1 view .LVU43
 162              		.loc 1 72 24 is_stmt 0 view .LVU44
 163 009e 0325     		movs	r5, #3
 164 00a0 0695     		str	r5, [sp, #24]
  73:Core/Src/gpio.c ****   GPIO_InitStruct.Pull = GPIO_NOPULL;
 165              		.loc 1 73 3 is_stmt 1 view .LVU45
 166              		.loc 1 73 24 is_stmt 0 view .LVU46
 167 00a2 0794     		str	r4, [sp, #28]
  74:Core/Src/gpio.c ****   HAL_GPIO_Init(GPIOC, &GPIO_InitStruct);
 168              		.loc 1 74 3 is_stmt 1 view .LVU47
 169 00a4 05A9     		add	r1, sp, #20
 170 00a6 3846     		mov	r0, r7
 171 00a8 FFF7FEFF 		bl	HAL_GPIO_Init
 172              	.LVL2:
  75:Core/Src/gpio.c **** 
  76:Core/Src/gpio.c ****   /*Configure GPIO pins : PA0 PA1 PA4 PA6
  77:Core/Src/gpio.c ****                            PA7 PA8 PA9 PA10
  78:Core/Src/gpio.c ****                            PA11 PA12 PA15 */
  79:Core/Src/gpio.c ****   GPIO_InitStruct.Pin = GPIO_PIN_0|GPIO_PIN_1|GPIO_PIN_4|GPIO_PIN_6
 173              		.loc 1 79 3 view .LVU48
 174              		.loc 1 79 23 is_stmt 0 view .LVU49
 175 00ac 49F6D373 		movw	r3, #40915
 176 00b0 0593     		str	r3, [sp, #20]
  80:Core/Src/gpio.c ****                           |GPIO_PIN_7|GPIO_PIN_8|GPIO_PIN_9|GPIO_PIN_10
  81:Core/Src/gpio.c ****                           |GPIO_PIN_11|GPIO_PIN_12|GPIO_PIN_15;
  82:Core/Src/gpio.c ****   GPIO_InitStruct.Mode = GPIO_MODE_ANALOG;
 177              		.loc 1 82 3 is_stmt 1 view .LVU50
 178              		.loc 1 82 24 is_stmt 0 view .LVU51
 179 00b2 0695     		str	r5, [sp, #24]
  83:Core/Src/gpio.c ****   GPIO_InitStruct.Pull = GPIO_NOPULL;
 180              		.loc 1 83 3 is_stmt 1 view .LVU52
 181              		.loc 1 83 24 is_stmt 0 view .LVU53
 182 00b4 0794     		str	r4, [sp, #28]
  84:Core/Src/gpio.c ****   HAL_GPIO_Init(GPIOA, &GPIO_InitStruct);
 183              		.loc 1 84 3 is_stmt 1 view .LVU54
 184 00b6 05A9     		add	r1, sp, #20
 185 00b8 3046     		mov	r0, r6
 186 00ba FFF7FEFF 		bl	HAL_GPIO_Init
 187              	.LVL3:
  85:Core/Src/gpio.c **** 
  86:Core/Src/gpio.c ****   /*Configure GPIO pin : PtPin */
  87:Core/Src/gpio.c ****   GPIO_InitStruct.Pin = LD2_Pin;
 188              		.loc 1 87 3 view .LVU55
 189              		.loc 1 87 23 is_stmt 0 view .LVU56
 190 00be 2023     		movs	r3, #32
 191 00c0 0593     		str	r3, [sp, #20]
  88:Core/Src/gpio.c ****   GPIO_InitStruct.Mode = GPIO_MODE_OUTPUT_PP;
 192              		.loc 1 88 3 is_stmt 1 view .LVU57
 193              		.loc 1 88 24 is_stmt 0 view .LVU58
 194 00c2 0123     		movs	r3, #1
 195 00c4 0693     		str	r3, [sp, #24]
  89:Core/Src/gpio.c ****   GPIO_InitStruct.Pull = GPIO_NOPULL;
 196              		.loc 1 89 3 is_stmt 1 view .LVU59
 197              		.loc 1 89 24 is_stmt 0 view .LVU60
ARM GAS  C:\Users\zacfi\AppData\Local\Temp\cc06g7lT.s 			page 6


 198 00c6 0794     		str	r4, [sp, #28]
  90:Core/Src/gpio.c ****   GPIO_InitStruct.Speed = GPIO_SPEED_FREQ_LOW;
 199              		.loc 1 90 3 is_stmt 1 view .LVU61
 200              		.loc 1 90 25 is_stmt 0 view .LVU62
 201 00c8 0894     		str	r4, [sp, #32]
  91:Core/Src/gpio.c ****   HAL_GPIO_Init(LD2_GPIO_Port, &GPIO_InitStruct);
 202              		.loc 1 91 3 is_stmt 1 view .LVU63
 203 00ca 05A9     		add	r1, sp, #20
 204 00cc 3046     		mov	r0, r6
 205 00ce FFF7FEFF 		bl	HAL_GPIO_Init
 206              	.LVL4:
  92:Core/Src/gpio.c **** 
  93:Core/Src/gpio.c ****   /*Configure GPIO pins : PB0 PB1 PB2 PB10
  94:Core/Src/gpio.c ****                            PB12 PB13 PB14 PB15
  95:Core/Src/gpio.c ****                            PB4 PB5 PB8 PB9 */
  96:Core/Src/gpio.c ****   GPIO_InitStruct.Pin = GPIO_PIN_0|GPIO_PIN_1|GPIO_PIN_2|GPIO_PIN_10
 207              		.loc 1 96 3 view .LVU64
 208              		.loc 1 96 23 is_stmt 0 view .LVU65
 209 00d2 4FF23773 		movw	r3, #63287
 210 00d6 0593     		str	r3, [sp, #20]
  97:Core/Src/gpio.c ****                           |GPIO_PIN_12|GPIO_PIN_13|GPIO_PIN_14|GPIO_PIN_15
  98:Core/Src/gpio.c ****                           |GPIO_PIN_4|GPIO_PIN_5|GPIO_PIN_8|GPIO_PIN_9;
  99:Core/Src/gpio.c ****   GPIO_InitStruct.Mode = GPIO_MODE_ANALOG;
 211              		.loc 1 99 3 is_stmt 1 view .LVU66
 212              		.loc 1 99 24 is_stmt 0 view .LVU67
 213 00d8 0695     		str	r5, [sp, #24]
 100:Core/Src/gpio.c ****   GPIO_InitStruct.Pull = GPIO_NOPULL;
 214              		.loc 1 100 3 is_stmt 1 view .LVU68
 215              		.loc 1 100 24 is_stmt 0 view .LVU69
 216 00da 0794     		str	r4, [sp, #28]
 101:Core/Src/gpio.c ****   HAL_GPIO_Init(GPIOB, &GPIO_InitStruct);
 217              		.loc 1 101 3 is_stmt 1 view .LVU70
 218 00dc 05A9     		add	r1, sp, #20
 219 00de 0A48     		ldr	r0, .L3+16
 220 00e0 FFF7FEFF 		bl	HAL_GPIO_Init
 221              	.LVL5:
 102:Core/Src/gpio.c **** 
 103:Core/Src/gpio.c ****   /*Configure GPIO pin : PD2 */
 104:Core/Src/gpio.c ****   GPIO_InitStruct.Pin = GPIO_PIN_2;
 222              		.loc 1 104 3 view .LVU71
 223              		.loc 1 104 23 is_stmt 0 view .LVU72
 224 00e4 0423     		movs	r3, #4
 225 00e6 0593     		str	r3, [sp, #20]
 105:Core/Src/gpio.c ****   GPIO_InitStruct.Mode = GPIO_MODE_ANALOG;
 226              		.loc 1 105 3 is_stmt 1 view .LVU73
 227              		.loc 1 105 24 is_stmt 0 view .LVU74
 228 00e8 0695     		str	r5, [sp, #24]
 106:Core/Src/gpio.c ****   GPIO_InitStruct.Pull = GPIO_NOPULL;
 229              		.loc 1 106 3 is_stmt 1 view .LVU75
 230              		.loc 1 106 24 is_stmt 0 view .LVU76
 231 00ea 0794     		str	r4, [sp, #28]
 107:Core/Src/gpio.c ****   HAL_GPIO_Init(GPIOD, &GPIO_InitStruct);
 232              		.loc 1 107 3 is_stmt 1 view .LVU77
 233 00ec 05A9     		add	r1, sp, #20
 234 00ee 0748     		ldr	r0, .L3+20
 235 00f0 FFF7FEFF 		bl	HAL_GPIO_Init
 236              	.LVL6:
ARM GAS  C:\Users\zacfi\AppData\Local\Temp\cc06g7lT.s 			page 7


 108:Core/Src/gpio.c **** 
 109:Core/Src/gpio.c **** }
 237              		.loc 1 109 1 is_stmt 0 view .LVU78
 238 00f4 0BB0     		add	sp, sp, #44
 239              	.LCFI2:
 240              		.cfi_def_cfa_offset 20
 241              		@ sp needed
 242 00f6 F0BD     		pop	{r4, r5, r6, r7, pc}
 243              	.L4:
 244              		.align	2
 245              	.L3:
 246 00f8 00380240 		.word	1073887232
 247 00fc 00000240 		.word	1073872896
 248 0100 00002110 		.word	270598144
 249 0104 00080240 		.word	1073874944
 250 0108 00040240 		.word	1073873920
 251 010c 000C0240 		.word	1073875968
 252              		.cfi_endproc
 253              	.LFE130:
 255              		.text
 256              	.Letext0:
 257              		.file 2 "c:\\gnu\\gnu_arm_embedded_toolchain\\10-2020-q4-major\\arm-none-eabi\\include\\machine\\_
 258              		.file 3 "c:\\gnu\\gnu_arm_embedded_toolchain\\10-2020-q4-major\\arm-none-eabi\\include\\sys\\_stdi
 259              		.file 4 "Drivers/CMSIS/Device/ST/STM32F4xx/Include/stm32f446xx.h"
 260              		.file 5 "Drivers/STM32F4xx_HAL_Driver/Inc/stm32f4xx_hal_gpio.h"
ARM GAS  C:\Users\zacfi\AppData\Local\Temp\cc06g7lT.s 			page 8


DEFINED SYMBOLS
                            *ABS*:00000000 gpio.c
C:\Users\zacfi\AppData\Local\Temp\cc06g7lT.s:18     .text.MX_GPIO_Init:00000000 $t
C:\Users\zacfi\AppData\Local\Temp\cc06g7lT.s:26     .text.MX_GPIO_Init:00000000 MX_GPIO_Init
C:\Users\zacfi\AppData\Local\Temp\cc06g7lT.s:246    .text.MX_GPIO_Init:000000f8 $d

UNDEFINED SYMBOLS
HAL_GPIO_WritePin
HAL_GPIO_Init
